<?xml version="1.0" encoding="UTF-8"?>
<testsuite name="BlockchainTest" tests="1" skipped="0" failures="0" errors="0" timestamp="2020-12-28T22:49:50" hostname="Kamils-MBP" time="0.218">
  <properties/>
  <testcase name="start" classname="BlockchainTest" time="0.218"/>
  <system-out><![CDATA[?[1;31m
Start test 1?[0m
Block:
Id: 1
Timestamp: 1609195790082
Hash of the previous block:
0
Hash of the block:
559aead08264d5795d3909718cdd05abd49572e84fe55590eef31a88a08fdffd

Block:
Id: 2
Timestamp: 1609195790083
Hash of the previous block:
559aead08264d5795d3909718cdd05abd49572e84fe55590eef31a88a08fdffd
Hash of the block:
559aead08264d5795d3909718cdd05abd49572e84fe55590eef31a88a08fdffd

Block:
Id: 3
Timestamp: 1609195790083
Hash of the previous block:
559aead08264d5795d3909718cdd05abd49572e84fe55590eef31a88a08fdffd
Hash of the block:
559aead08264d5795d3909718cdd05abd49572e84fe55590eef31a88a08fdffd

Block:
Id: 4
Timestamp: 1609195790083
Hash of the previous block:
559aead08264d5795d3909718cdd05abd49572e84fe55590eef31a88a08fdffd
Hash of the block:
559aead08264d5795d3909718cdd05abd49572e84fe55590eef31a88a08fdffd

Block:
Id: 5
Timestamp: 1609195790083
Hash of the previous block:
559aead08264d5795d3909718cdd05abd49572e84fe55590eef31a88a08fdffd
Hash of the block:
559aead08264d5795d3909718cdd05abd49572e84fe55590eef31a88a08fdffd

?[1;31m
Start test 2?[0m
Block:
Id: 1
Timestamp: 1609195790179
Hash of the previous block:
0
Hash of the block:
559aead08264d5795d3909718cdd05abd49572e84fe55590eef31a88a08fdffd

Block:
Id: 2
Timestamp: 1609195790179
Hash of the previous block:
559aead08264d5795d3909718cdd05abd49572e84fe55590eef31a88a08fdffd
Hash of the block:
559aead08264d5795d3909718cdd05abd49572e84fe55590eef31a88a08fdffd

Block:
Id: 3
Timestamp: 1609195790179
Hash of the previous block:
559aead08264d5795d3909718cdd05abd49572e84fe55590eef31a88a08fdffd
Hash of the block:
559aead08264d5795d3909718cdd05abd49572e84fe55590eef31a88a08fdffd

Block:
Id: 4
Timestamp: 1609195790180
Hash of the previous block:
559aead08264d5795d3909718cdd05abd49572e84fe55590eef31a88a08fdffd
Hash of the block:
559aead08264d5795d3909718cdd05abd49572e84fe55590eef31a88a08fdffd

Block:
Id: 5
Timestamp: 1609195790180
Hash of the previous block:
559aead08264d5795d3909718cdd05abd49572e84fe55590eef31a88a08fdffd
Hash of the block:
559aead08264d5795d3909718cdd05abd49572e84fe55590eef31a88a08fdffd

]]></system-out>
  <system-err><![CDATA[]]></system-err>
</testsuite>
